<?xml version="1.0" encoding="UTF-8"?>
<!-- Generated by org.testng.reporters.JUnitReportReporter -->
<testsuite skipped="0" hostname="DESKTOP-I50CL1O" name="org.executable.Facebook" tests="1" failures="0" timestamp="23 Nov 2020 09:02:04 GMT" time="6.242" errors="0">
  <testcase name="faceBook" time="6.242" classname="org.executable.Facebook"/>
</testsuite> <!-- org.executable.Facebook -->
